<?xml version="1.0" encoding="UTF-8"?>
<!-- Generated by org.testng.reporters.JUnitXMLReporter -->
<testsuite ignored="0" hostname="HGET" failures="2" tests="2" name="Surefire test" time="2.347" errors="0" timestamp="2024-08-18T21:50:38 TRT">
  <testcase classname="api.searchTest" name="searchJobWithValidData" time="1.477">
    <failure type="java.lang.NullPointerException">
      <![CDATA[java.lang.NullPointerException
at api.searchTest.searchJobWithValidData(searchTest.java:29)
at java.base/java.util.ArrayList.forEach(ArrayList.java:1541)
... Removed 32 stack frames]]>
    </failure>
  </testcase> <!-- searchJobWithValidData -->
  <testcase classname="api.searchTest" name="searchJobWithoutKeyword" time="0.526">
    <failure type="java.lang.AssertionError" message="Expected a 400 Bad Request due to missing keyword expected [400] but found [200]">
      <![CDATA[java.lang.AssertionError: Expected a 400 Bad Request due to missing keyword expected [400] but found [200]
at api.searchTest.searchJobWithoutKeyword(searchTest.java:46)
at java.base/java.util.ArrayList.forEach(ArrayList.java:1541)
... Removed 38 stack frames]]>
    </failure>
  </testcase> <!-- searchJobWithoutKeyword -->
</testsuite> <!-- Surefire test -->
